12:44:44.183 [main                     ] DEBUG Logger               - Configured Logger
12:44:44.250 [main                     ] DEBUG GameApplication      - Logging settings
Title: Untitled
Version: 0.0
Width: 800
Height: 600
Fullscreen: false
Intro: false
Profiling: false
Single step:false
App Mode: DEVELOPER
Menu Key: ESCAPE
Stage Style: DECORATED
Scene Factory: class com.almasb.fxgl.app.scene.SceneFactory

12:44:44.843 [JavaFX Application Thread] DEBUG FXGLApplication      - Initializing FXGL
12:44:44.855 [JavaFX Application Thread] INFO  Engine               - FXGL-17.3 (30.03.2023 11.49) on MAC (J:18.0.2.1 FX:20)
12:44:44.856 [JavaFX Application Thread] DEBUG Engine               - JRE Vendor Name: Azul Systems, Inc.
12:44:44.856 [JavaFX Application Thread] DEBUG Engine               - Running on OS: Mac OS X version 12.6.3
12:44:44.857 [JavaFX Application Thread] DEBUG Engine               - Architecture: x86_64
12:44:44.857 [JavaFX Application Thread] INFO  Engine               - Source code and latest versions at: https://github.com/AlmasB/FXGL
12:44:44.857 [JavaFX Application Thread] INFO  Engine               -       Ask questions and discuss at: https://github.com/AlmasB/FXGL/discussions
12:44:44.857 [JavaFX Application Thread] INFO  Engine               -              Join the FXGL chat at: https://gitter.im/AlmasB/FXGL
12:44:45.059 [JavaFX Application Thread] DEBUG PrimaryStageWindow   - Creating a JavaFX scene
12:44:45.162 [JavaFX Application Thread] DEBUG PrimaryStageWindow   - Target settings size: 800.0 x 600.0
12:44:45.163 [JavaFX Application Thread] DEBUG PrimaryStageWindow   - Scaled scene size:    800.0 x 600.0
12:44:45.164 [JavaFX Application Thread] DEBUG PrimaryStageWindow   - Scaled ratio: (1.0, 1.0)
12:44:45.166 [JavaFX Application Thread] DEBUG PrimaryStageWindow   - Set initial scene to FXGLStartupScene
12:44:45.173 [JavaFX Application Thread] DEBUG PrimaryStageWindow   - Opening main window
12:44:45.294 [JavaFX Application Thread] DEBUG PrimaryStageWindow   - Window border size: (0.0, 28.0)
12:44:45.295 [JavaFX Application Thread] DEBUG PrimaryStageWindow   - Scaled size: 800.0 x 600.0
12:44:45.295 [JavaFX Application Thread] DEBUG PrimaryStageWindow   - Scaled ratio: (1.0, 1.0)
12:44:45.296 [JavaFX Application Thread] DEBUG PrimaryStageWindow   - Scene size: 800.0 x 600.0
12:44:45.297 [JavaFX Application Thread] DEBUG PrimaryStageWindow   - Stage size: 800.0 x 628.0
12:44:45.308 [FXGL Background Thread 1 ] DEBUG Engine               - Initializing environment variables
12:44:45.434 [FXGL Background Thread 1 ] DEBUG FXGLAssetLoaderServi - User app class for loading assets: class xyz.nopalfi.BaseGame
12:44:45.435 [FXGL Background Thread 1 ] DEBUG GameApplicationServi - Applying CSS: fxgl_dark.css
12:44:45.436 [FXGL Background Thread 1 ] DEBUG FXGLAssetLoaderServi - Loading from file system: jar:file:///Users/ptik/.m2/repository/com/github/almasb/fxgl/17.3/fxgl-17.3.jar!/fxglassets/ui/css/fxgl_dark.css
12:44:45.546 [FXGL Background Thread 1 ] DEBUG GameApplicationServi - Initializing application scenes
12:44:45.971 [FXGL Background Thread 1 ] DEBUG GameWorld            - Game world initialized
12:44:46.033 [FXGL Background Thread 1 ] DEBUG PhysicsWorld         - Physics world initialized: appHeight=600, physics.ppm=50.0
12:44:46.033 [FXGL Background Thread 1 ] DEBUG PhysicsWorld         - Using strategy: BRUTE_FORCE
12:44:46.040 [FXGL Background Thread 1 ] DEBUG GameScene            - Game scene initialized: 800x600
12:44:46.057 [FXGL Background Thread 1 ] DEBUG FXGL.DefaultMenu     - createMenuBodyGameMenu()
12:44:46.075 [FXGL Background Thread 1 ] DEBUG FXGL.DefaultMenu     - createOptionsMenu()
12:44:46.089 [FXGL Background Thread 1 ] DEBUG FXGLAssetLoaderServi - Loading from file system: jar:file:///Users/ptik/.m2/repository/com/github/almasb/fxgl/17.3/fxgl-17.3.jar!/fxglassets/textures/particles/smoke.png
12:44:46.222 [FXGL Background Thread 1 ] DEBUG FXGLAssetLoaderServi - Loading from file system: jar:file:///Users/ptik/.m2/repository/com/github/almasb/fxgl/17.3/fxgl-17.3.jar!/fxglassets/textures/particles/trace_horizontal.png
12:44:46.255 [FXGL Background Thread 1 ] DEBUG GameApplicationServi - Application scenes initialized
12:44:46.273 [FXGL Background Thread 1 ] DEBUG SystemBundleService  - Loading FXGL system data
12:44:46.278 [FXGL Background Thread 1 ] DEBUG FileSystemAccess     - Reading from: /Users/ptik/IdeaProjects/FlappyBirdRL-Java/system/fxgl.bundle
12:44:46.290 [FXGL Background Thread 1 ] DEBUG SystemBundleService  - Bundle FXGL: {}
12:44:46.290 [FXGL Background Thread 1 ] DEBUG UpdaterService       - Checking for updates
12:44:46.297 [FXGL Background Thread 4 ] DEBUG FXGLApplication      - Loading fonts
12:44:46.298 [FXGL Background Thread 4 ] DEBUG FXGLAssetLoaderServi - Loading from file system: jar:file:///Users/ptik/.m2/repository/com/github/almasb/fxgl/17.3/fxgl-17.3.jar!/fxglassets/ui/fonts/VarelaRound-Regular.ttf
12:44:46.299 [FXGL Background Thread 1 ] DEBUG FXGLApplication      - Loading default localization
12:44:46.300 [FXGL Background Thread 1 ] DEBUG FXGLAssetLoaderServi - Loading from file system: jar:file:///Users/ptik/.m2/repository/com/github/almasb/fxgl/17.3/fxgl-17.3.jar!/fxglassets/languages/english.lang
12:44:46.317 [FXGL Background Thread 4 ] DEBUG FXGLAssetLoaderServi - Loading from file system: jar:file:///Users/ptik/.m2/repository/com/github/almasb/fxgl/17.3/fxgl-17.3.jar!/fxglassets/ui/fonts/Abel-Regular.ttf
12:44:46.323 [FXGL Background Thread 4 ] DEBUG FXGLAssetLoaderServi - Loading from file system: jar:file:///Users/ptik/.m2/repository/com/github/almasb/fxgl/17.3/fxgl-17.3.jar!/fxglassets/ui/fonts/TerminalLandMono-Regular.otf
12:44:46.329 [FXGL Background Thread 4 ] DEBUG FXGLAssetLoaderServi - Loading from file system: jar:file:///Users/ptik/.m2/repository/com/github/almasb/fxgl/17.3/fxgl-17.3.jar!/fxglassets/ui/fonts/Courier-Prime.ttf
12:44:46.330 [FXGL Background Thread 1 ] INFO  FXGLApplication      - FXGL initialization took: 1.022 sec
12:44:46.333 [JavaFX Application Thread] DEBUG FXGLAssetLoaderServi - Loading from file system: jar:file:///Users/ptik/.m2/repository/com/github/almasb/fxgl/17.3/fxgl-17.3.jar!/fxglassets/textures/fxgl_icon.png
12:44:46.374 [JavaFX Application Thread] DEBUG FXGLAssetLoaderServi - Loading from file system: jar:file:///Users/ptik/.m2/repository/com/github/almasb/fxgl/17.3/fxgl-17.3.jar!/fxglassets/textures/fxgl_default_cursor.png
12:44:46.391 [JavaFX Application Thread] DEBUG Input                - Registered new binding: Screenshot - CTRL+8
12:44:46.392 [JavaFX Application Thread] DEBUG Input                - Registered new binding: System info dump - CTRL+9
12:44:46.392 [JavaFX Application Thread] DEBUG Input                - Registered new binding: Restart - CTRL+R
12:44:46.393 [JavaFX Application Thread] DEBUG Input                - Registered new binding: Toggle Debug Camera - CTRL+7
12:44:46.397 [JavaFX Application Thread] DEBUG LoopRunner           - Starting loop
12:44:46.397 [JavaFX Application Thread] DEBUG LoopRunner           - Initializing JavaFX AnimationTimerLoop
12:44:46.398 [JavaFX Application Thread] DEBUG GameApplicationServi - Starting new game
12:44:46.399 [JavaFX Application Thread] DEBUG Input                - Clearing active input actions
12:44:46.410 [JavaFX Application Thread] DEBUG GameApplicationServi - Removing overlay from FXGLStartupScene and adding to FXGLLoadingScene
12:44:46.411 [JavaFX Application Thread] DEBUG PrimaryStageWindow   - FXGLStartupScene -> FXGLLoadingScene
12:44:46.411 [JavaFX Application Thread] DEBUG GameApplicationServi - Clearing previous game
12:44:46.411 [JavaFX Application Thread] DEBUG GameScene            - Clearing game scene
12:44:46.412 [JavaFX Application Thread] DEBUG GameWorld            - Clearing game world
12:44:46.412 [JavaFX Application Thread] DEBUG PhysicsWorld         - Clearing physics world
12:44:46.414 [FXGL Background Thread 4 ] DEBUG FXGLApplication      - Initializing game
12:44:46.446 [FXGL Background Thread 4 ] WARN  GameWorld            - Entity is already attached to world
12:44:46.447 [FXGL Background Thread 4 ] INFO  FXGLApplication      - Game initialization took: 0.033 sec
12:44:46.457 [JavaFX Application Thread] DEBUG FXGLApplication      - Registering font factories with UI factory
12:44:46.517 [JavaFX Application Thread] DEBUG Input                - Clearing active input actions
12:44:46.531 [JavaFX Application Thread] DEBUG GameApplicationServi - Removing overlay from FXGLLoadingScene and adding to GameScene
12:44:46.532 [JavaFX Application Thread] DEBUG PrimaryStageWindow   - FXGLLoadingScene -> GameScene
12:44:49.295 [FXGL Background Thread 3 ] DEBUG Engine               - Logging environment variables
12:44:49.295 [FXGL Background Thread 3 ] DEBUG Engine               - achievements: []
12:44:49.296 [FXGL Background Thread 3 ] DEBUG Engine               - actualHeight: 600.0
12:44:49.296 [FXGL Background Thread 3 ] DEBUG Engine               - actualHeightProperty: ReadOnlyDoubleProperty [value: 600.0]
12:44:49.296 [FXGL Background Thread 3 ] DEBUG Engine               - actualWidth: 800.0
12:44:49.296 [FXGL Background Thread 3 ] DEBUG Engine               - actualWidthProperty: ReadOnlyDoubleProperty [value: 800.0]
12:44:49.296 [FXGL Background Thread 3 ] DEBUG Engine               - appIcon: fxgl_icon.png
12:44:49.297 [FXGL Background Thread 3 ] DEBUG Engine               - applicationMode: DEVELOPER
12:44:49.297 [FXGL Background Thread 3 ] DEBUG Engine               - cSSList: [fxgl_dark.css]
12:44:49.297 [FXGL Background Thread 3 ] DEBUG Engine               - collisionDetectionStrategy: BRUTE_FORCE
12:44:49.297 [FXGL Background Thread 3 ] DEBUG Engine               - configClass: Optional.empty
12:44:49.297 [FXGL Background Thread 3 ] DEBUG Engine               - credits: []
12:44:49.298 [FXGL Background Thread 3 ] DEBUG Engine               - defaultCursor: CursorInfo(imageName=fxgl_default_cursor.png, hotspotX=7.0, hotspotY=6.0)
12:44:49.299 [FXGL Background Thread 3 ] DEBUG Engine               - devBBoxColorProperty: ObjectProperty [value: 0xff0000ff]
12:44:49.299 [FXGL Background Thread 3 ] DEBUG Engine               - devEnableDebugCameraProperty: BooleanProperty [value: false]
12:44:49.299 [FXGL Background Thread 3 ] DEBUG Engine               - devSensorColorProperty: ObjectProperty [value: 0xffff00ff]
12:44:49.299 [FXGL Background Thread 3 ] DEBUG Engine               - devShowBBoxProperty: BooleanProperty [value: false]
12:44:49.299 [FXGL Background Thread 3 ] DEBUG Engine               - devShowPositionProperty: BooleanProperty [value: false]
12:44:49.300 [FXGL Background Thread 3 ] DEBUG Engine               - enabledMenuItems: []
12:44:49.300 [FXGL Background Thread 3 ] DEBUG Engine               - engineServices: [class com.almasb.fxgl.app.services.FXGLAssetLoaderService, class com.almasb.fxgl.app.FXGLApplication$GameApplicationService, class com.almasb.fxgl.app.services.FXGLDialogService, class com.almasb.fxgl.app.services.IOTaskExecutorService, class com.almasb.fxgl.io.FileSystemService, class com.almasb.fxgl.localization.LocalizationService, class com.almasb.fxgl.app.services.SystemBundleService, class com.almasb.fxgl.profile.SaveLoadService, class com.almasb.fxgl.ui.FXGLUIFactoryServiceProvider, class com.almasb.fxgl.ui.FXGLDialogFactoryServiceProvider, class com.almasb.fxgl.audio.AudioPlayer, class com.almasb.fxgl.notification.impl.NotificationServiceProvider, class com.almasb.fxgl.achievement.AchievementService, class com.almasb.fxgl.cutscene.CutsceneService, class com.almasb.fxgl.minigames.MiniGameService, class com.almasb.fxgl.net.NetService, class com.almasb.fxgl.app.services.UpdaterService, class com.almasb.fxgl.dev.DevService]
12:44:49.300 [FXGL Background Thread 3 ] DEBUG Engine               - fontGame: Abel-Regular.ttf
12:44:49.300 [FXGL Background Thread 3 ] DEBUG Engine               - fontMono: TerminalLandMono-Regular.otf
12:44:49.300 [FXGL Background Thread 3 ] DEBUG Engine               - fontSizeScaleUI: 1.0
12:44:49.300 [FXGL Background Thread 3 ] DEBUG Engine               - fontText: Courier-Prime.ttf
12:44:49.301 [FXGL Background Thread 3 ] DEBUG Engine               - fontUI: VarelaRound-Regular.ttf
12:44:49.301 [FXGL Background Thread 3 ] DEBUG Engine               - fullScreen: BooleanProperty [value: false]
12:44:49.301 [FXGL Background Thread 3 ] DEBUG Engine               - gameDifficulty: MEDIUM
12:44:49.301 [FXGL Background Thread 3 ] DEBUG Engine               - gameDifficultyProperty: ObjectProperty [value: MEDIUM]
12:44:49.302 [FXGL Background Thread 3 ] DEBUG Engine               - globalMusicVolume: 0.5
12:44:49.302 [FXGL Background Thread 3 ] DEBUG Engine               - globalMusicVolumeProperty: DoubleProperty [value: 0.5]
12:44:49.302 [FXGL Background Thread 3 ] DEBUG Engine               - globalSoundVolume: 0.5
12:44:49.302 [FXGL Background Thread 3 ] DEBUG Engine               - globalSoundVolumeProperty: DoubleProperty [value: 0.5]
12:44:49.303 [FXGL Background Thread 3 ] DEBUG Engine               - height: 600
12:44:49.304 [FXGL Background Thread 3 ] DEBUG Engine               - is3D: false
12:44:49.304 [FXGL Background Thread 3 ] DEBUG Engine               - isAndroid: false
12:44:49.305 [FXGL Background Thread 3 ] DEBUG Engine               - isBrowser: false
12:44:49.305 [FXGL Background Thread 3 ] DEBUG Engine               - isClickFeedbackEnabled: false
12:44:49.305 [FXGL Background Thread 3 ] DEBUG Engine               - isCloseConfirmation: false
12:44:49.305 [FXGL Background Thread 3 ] DEBUG Engine               - isDesktop: true
12:44:49.306 [FXGL Background Thread 3 ] DEBUG Engine               - isDeveloperMenuEnabled: false
12:44:49.306 [FXGL Background Thread 3 ] DEBUG Engine               - isEmbedded: false
12:44:49.306 [FXGL Background Thread 3 ] DEBUG Engine               - isEntityPreloadEnabled: true
12:44:49.306 [FXGL Background Thread 3 ] DEBUG Engine               - isExperimentalTiledLargeMap: false
12:44:49.306 [FXGL Background Thread 3 ] DEBUG Engine               - isFileSystemWriteAllowed: true
12:44:49.306 [FXGL Background Thread 3 ] DEBUG Engine               - isFullScreenAllowed: false
12:44:49.306 [FXGL Background Thread 3 ] DEBUG Engine               - isFullScreenFromStart: false
12:44:49.307 [FXGL Background Thread 3 ] DEBUG Engine               - isGameMenuEnabled: true
12:44:49.307 [FXGL Background Thread 3 ] DEBUG Engine               - isIOS: false
12:44:49.307 [FXGL Background Thread 3 ] DEBUG Engine               - isIntroEnabled: false
12:44:49.307 [FXGL Background Thread 3 ] DEBUG Engine               - isLinux: false
12:44:49.307 [FXGL Background Thread 3 ] DEBUG Engine               - isMac: true
12:44:49.307 [FXGL Background Thread 3 ] DEBUG Engine               - isMainMenuEnabled: false
12:44:49.308 [FXGL Background Thread 3 ] DEBUG Engine               - isManualResizeEnabled: false
12:44:49.308 [FXGL Background Thread 3 ] DEBUG Engine               - isMobile: false
12:44:49.308 [FXGL Background Thread 3 ] DEBUG Engine               - isNative: false
12:44:49.308 [FXGL Background Thread 3 ] DEBUG Engine               - isPauseMusicWhenMinimized: true
12:44:49.308 [FXGL Background Thread 3 ] DEBUG Engine               - isPreserveResizeRatio: false
12:44:49.308 [FXGL Background Thread 3 ] DEBUG Engine               - isProfilingEnabled: false
12:44:49.309 [FXGL Background Thread 3 ] DEBUG Engine               - isScaleAffectedOnResize: true
12:44:49.309 [FXGL Background Thread 3 ] DEBUG Engine               - isSingleStep: false
12:44:49.309 [FXGL Background Thread 3 ] DEBUG Engine               - isUserProfileEnabled: false
12:44:49.309 [FXGL Background Thread 3 ] DEBUG Engine               - isWindows: false
12:44:49.309 [FXGL Background Thread 3 ] DEBUG Engine               - language: ObjectProperty [value: ENGLISH]
12:44:49.309 [FXGL Background Thread 3 ] DEBUG Engine               - menuKey: ESCAPE
12:44:49.310 [FXGL Background Thread 3 ] DEBUG Engine               - mouseSensitivity: 0.2
12:44:49.310 [FXGL Background Thread 3 ] DEBUG Engine               - notificationViewClass: class com.almasb.fxgl.notification.view.XboxNotificationView
12:44:49.310 [FXGL Background Thread 3 ] DEBUG Engine               - pixelsPerMeter: 50.0
12:44:49.310 [FXGL Background Thread 3 ] DEBUG Engine               - platform: MAC
12:44:49.310 [FXGL Background Thread 3 ] DEBUG Engine               - prefHeightProperty: ReadOnlyDoubleProperty [value: 600.0]
12:44:49.311 [FXGL Background Thread 3 ] DEBUG Engine               - prefWidthProperty: ReadOnlyDoubleProperty [value: 800.0]
12:44:49.311 [FXGL Background Thread 3 ] DEBUG Engine               - profileDir: profiles/
12:44:49.312 [FXGL Background Thread 3 ] DEBUG Engine               - profileName: StringProperty [value: DEFAULT]
12:44:49.312 [FXGL Background Thread 3 ] DEBUG Engine               - randomSeed: -1
12:44:49.313 [FXGL Background Thread 3 ] DEBUG Engine               - runtimeInfo: RuntimeInfo(platform=MAC, version=17.3, build=30.03.2023 11.49)
12:44:49.313 [FXGL Background Thread 3 ] DEBUG Engine               - saveFileExt: sav
12:44:49.314 [FXGL Background Thread 3 ] DEBUG Engine               - scaledHeightProp$fxgl: DoubleProperty [bound, value: 600.0]
12:44:49.314 [FXGL Background Thread 3 ] DEBUG Engine               - scaledWidthProp$fxgl: DoubleProperty [bound, value: 800.0]
12:44:49.314 [FXGL Background Thread 3 ] DEBUG Engine               - sceneFactory: com.almasb.fxgl.app.scene.SceneFactory@4a5cc4f4
12:44:49.314 [FXGL Background Thread 3 ] DEBUG Engine               - secondsIn24h: 60
12:44:49.314 [FXGL Background Thread 3 ] DEBUG Engine               - soundMenuBack: menu/back.wav
12:44:49.314 [FXGL Background Thread 3 ] DEBUG Engine               - soundMenuPress: menu/press.wav
12:44:49.314 [FXGL Background Thread 3 ] DEBUG Engine               - soundMenuSelect: menu/select.wav
12:44:49.314 [FXGL Background Thread 3 ] DEBUG Engine               - soundNotification: core/notification.wav
12:44:49.314 [FXGL Background Thread 3 ] DEBUG Engine               - stageStyle: DECORATED
12:44:49.315 [FXGL Background Thread 3 ] DEBUG Engine               - supportedLanguages: [ENGLISH, FRENCH, GERMAN, HUNGARIAN, RUSSIAN]
12:44:49.315 [FXGL Background Thread 3 ] DEBUG Engine               - ticksPerSecond: -1
12:44:49.315 [FXGL Background Thread 3 ] DEBUG Engine               - title: Untitled
12:44:49.315 [FXGL Background Thread 3 ] DEBUG Engine               - urlGithub: https://github.com/AlmasB/FXGL
12:44:49.315 [FXGL Background Thread 3 ] DEBUG Engine               - urlLeaderboard: http://fxgl-top.herokuapp.com/
12:44:49.315 [FXGL Background Thread 3 ] DEBUG Engine               - urlPOM: https://raw.githubusercontent.com/AlmasB/FXGL/release/README.md
12:44:49.315 [FXGL Background Thread 3 ] DEBUG Engine               - userAppClass: class xyz.nopalfi.BaseGame
12:44:49.315 [FXGL Background Thread 3 ] DEBUG Engine               - version: 0.0
12:44:49.316 [FXGL Background Thread 3 ] DEBUG Engine               - versionCheckDays: 7
12:44:49.316 [FXGL Background Thread 3 ] DEBUG Engine               - width: 800
12:44:49.316 [FXGL Background Thread 3 ] DEBUG Engine               - Logging services
12:44:49.316 [FXGL Background Thread 3 ] DEBUG Engine               - class com.almasb.fxgl.app.services.FXGLAssetLoaderService
12:44:49.316 [FXGL Background Thread 3 ] DEBUG Engine               - class com.almasb.fxgl.app.FXGLApplication$GameApplicationService
12:44:49.316 [FXGL Background Thread 3 ] DEBUG Engine               - class com.almasb.fxgl.app.services.FXGLDialogService
12:44:49.316 [FXGL Background Thread 3 ] DEBUG Engine               - class com.almasb.fxgl.app.services.IOTaskExecutorService
12:44:49.317 [FXGL Background Thread 3 ] DEBUG Engine               - class com.almasb.fxgl.io.FileSystemService
12:44:49.317 [FXGL Background Thread 3 ] DEBUG Engine               - class com.almasb.fxgl.localization.LocalizationService
12:44:49.317 [FXGL Background Thread 3 ] DEBUG Engine               - class com.almasb.fxgl.app.services.SystemBundleService
12:44:49.317 [FXGL Background Thread 3 ] DEBUG Engine               - class com.almasb.fxgl.profile.SaveLoadService
12:44:49.317 [FXGL Background Thread 3 ] DEBUG Engine               - class com.almasb.fxgl.ui.FXGLUIFactoryServiceProvider
12:44:49.317 [FXGL Background Thread 3 ] DEBUG Engine               - class com.almasb.fxgl.ui.FXGLDialogFactoryServiceProvider
12:44:49.317 [FXGL Background Thread 3 ] DEBUG Engine               - class com.almasb.fxgl.audio.AudioPlayer
12:44:49.317 [FXGL Background Thread 3 ] DEBUG Engine               - class com.almasb.fxgl.notification.impl.NotificationServiceProvider
12:44:49.318 [FXGL Background Thread 3 ] DEBUG Engine               - class com.almasb.fxgl.achievement.AchievementService
12:44:49.318 [FXGL Background Thread 3 ] DEBUG Engine               - class com.almasb.fxgl.cutscene.CutsceneService
12:44:49.318 [FXGL Background Thread 3 ] DEBUG Engine               - class com.almasb.fxgl.minigames.MiniGameService
12:44:49.318 [FXGL Background Thread 3 ] DEBUG Engine               - class com.almasb.fxgl.net.NetService
12:44:49.318 [FXGL Background Thread 3 ] DEBUG Engine               - class com.almasb.fxgl.app.services.UpdaterService
12:44:49.318 [FXGL Background Thread 3 ] DEBUG Engine               - class com.almasb.fxgl.dev.DevService
12:44:50.142 [JavaFX Application Thread] DEBUG FXGLApplication      - Exiting FXGL
12:44:50.142 [JavaFX Application Thread] DEBUG LoopRunner           - Stopping loop
12:44:50.142 [JavaFX Application Thread] DEBUG SystemBundleService  - Saving FXGL system data
12:44:50.164 [JavaFX Application Thread] DEBUG FileSystemAccess     - Writing to: /Users/ptik/IdeaProjects/FlappyBirdRL-Java/system/fxgl.bundle
12:44:50.167 [JavaFX Application Thread] DEBUG Async                - Shutting down background threads
12:44:50.167 [JavaFX Application Thread] DEBUG PrimaryStageWindow   - Closing main window
12:44:50.175 [JavaFX Application Thread] DEBUG Logger               - Closing Logger
