13:37:38.486 [main                     ] DEBUG Logger               - Configured Logger
13:37:38.586 [main                     ] DEBUG GameApplication      - Logging settings
Title: FlappyBirdRL-Java
Version: 1.0
Width: 388
Height: 612
Fullscreen: false
Intro: false
Profiling: false
Single step:false
App Mode: DEVELOPER
Menu Key: ESCAPE
Stage Style: DECORATED
Scene Factory: class com.almasb.fxgl.app.scene.SceneFactory

13:37:39.869 [JavaFX Application Thread] DEBUG FXGLApplication      - Initializing FXGL
13:37:39.884 [JavaFX Application Thread] INFO  Engine               - FXGL-17.3 (30.03.2023 11.49) on MAC (J:18.0.2.1 FX:20)
13:37:39.885 [JavaFX Application Thread] DEBUG Engine               - JRE Vendor Name: Azul Systems, Inc.
13:37:39.885 [JavaFX Application Thread] DEBUG Engine               - Running on OS: Mac OS X version 12.6.3
13:37:39.886 [JavaFX Application Thread] DEBUG Engine               - Architecture: x86_64
13:37:39.886 [JavaFX Application Thread] INFO  Engine               - Source code and latest versions at: https://github.com/AlmasB/FXGL
13:37:39.886 [JavaFX Application Thread] INFO  Engine               -       Ask questions and discuss at: https://github.com/AlmasB/FXGL/discussions
13:37:39.886 [JavaFX Application Thread] INFO  Engine               -              Join the FXGL chat at: https://gitter.im/AlmasB/FXGL
13:37:40.109 [JavaFX Application Thread] DEBUG PrimaryStageWindow   - Creating a JavaFX scene
13:37:40.194 [JavaFX Application Thread] DEBUG PrimaryStageWindow   - Target settings size: 388.0 x 612.0
13:37:40.195 [JavaFX Application Thread] DEBUG PrimaryStageWindow   - Scaled scene size:    388.0 x 612.0
13:37:40.195 [JavaFX Application Thread] DEBUG PrimaryStageWindow   - Scaled ratio: (1.0, 1.0)
13:37:40.198 [JavaFX Application Thread] DEBUG PrimaryStageWindow   - Set initial scene to FXGLStartupScene
13:37:40.204 [JavaFX Application Thread] DEBUG PrimaryStageWindow   - Opening main window
13:37:40.420 [JavaFX Application Thread] DEBUG PrimaryStageWindow   - Window border size: (0.0, 28.0)
13:37:40.420 [JavaFX Application Thread] DEBUG PrimaryStageWindow   - Scaled size: 388.0 x 612.0
13:37:40.421 [JavaFX Application Thread] DEBUG PrimaryStageWindow   - Scaled ratio: (1.0, 1.0)
13:37:40.421 [JavaFX Application Thread] DEBUG PrimaryStageWindow   - Scene size: 388.0 x 612.0
13:37:40.422 [JavaFX Application Thread] DEBUG PrimaryStageWindow   - Stage size: 388.0 x 640.0
13:37:40.432 [FXGL Background Thread 1 ] DEBUG Engine               - Initializing environment variables
13:37:40.594 [FXGL Background Thread 1 ] DEBUG FXGLAssetLoaderServi - User app class for loading assets: class xyz.nopalfi.BaseGame
13:37:40.595 [FXGL Background Thread 1 ] DEBUG GameApplicationServi - Applying CSS: fxgl_dark.css
13:37:40.596 [FXGL Background Thread 1 ] DEBUG FXGLAssetLoaderServi - Loading from file system: jar:file:///Users/ptik/.m2/repository/com/github/almasb/fxgl/17.3/fxgl-17.3.jar!/fxglassets/ui/css/fxgl_dark.css
13:37:40.682 [FXGL Background Thread 1 ] DEBUG GameApplicationServi - Initializing application scenes
13:37:41.577 [FXGL Background Thread 1 ] DEBUG GameWorld            - Game world initialized
13:37:41.692 [FXGL Background Thread 1 ] DEBUG PhysicsWorld         - Physics world initialized: appHeight=612, physics.ppm=50.0
13:37:41.692 [FXGL Background Thread 1 ] DEBUG PhysicsWorld         - Using strategy: BRUTE_FORCE
13:37:41.702 [FXGL Background Thread 1 ] DEBUG GameScene            - Game scene initialized: 388x612
13:37:41.741 [FXGL Background Thread 1 ] WARN  FXGL.DefaultMenu     - FXGLDefaultMenu is not designed for resolutions < 800x600
13:37:41.743 [FXGL Background Thread 1 ] DEBUG FXGL.DefaultMenu     - createMenuBodyGameMenu()
13:37:41.766 [FXGL Background Thread 1 ] DEBUG FXGL.DefaultMenu     - createOptionsMenu()
13:37:41.783 [FXGL Background Thread 1 ] DEBUG FXGLAssetLoaderServi - Loading from file system: jar:file:///Users/ptik/.m2/repository/com/github/almasb/fxgl/17.3/fxgl-17.3.jar!/fxglassets/textures/particles/smoke.png
13:37:41.979 [FXGL Background Thread 1 ] DEBUG FXGLAssetLoaderServi - Loading from file system: jar:file:///Users/ptik/.m2/repository/com/github/almasb/fxgl/17.3/fxgl-17.3.jar!/fxglassets/textures/particles/trace_horizontal.png
13:37:42.034 [FXGL Background Thread 1 ] DEBUG GameApplicationServi - Application scenes initialized
13:37:42.057 [FXGL Background Thread 1 ] DEBUG SystemBundleService  - Loading FXGL system data
13:37:42.068 [FXGL Background Thread 1 ] DEBUG FileSystemAccess     - Reading from: /Users/ptik/IdeaProjects/FlappyBirdRL-Java/system/fxgl.bundle
13:37:42.087 [FXGL Background Thread 1 ] DEBUG SystemBundleService  - Bundle FXGL: {}
13:37:42.087 [FXGL Background Thread 1 ] DEBUG UpdaterService       - Checking for updates
13:37:42.122 [FXGL Background Thread 4 ] DEBUG FXGLApplication      - Loading fonts
13:37:42.123 [FXGL Background Thread 4 ] DEBUG FXGLAssetLoaderServi - Loading from file system: jar:file:///Users/ptik/.m2/repository/com/github/almasb/fxgl/17.3/fxgl-17.3.jar!/fxglassets/ui/fonts/VarelaRound-Regular.ttf
13:37:42.137 [FXGL Background Thread 1 ] DEBUG FXGLApplication      - Loading default localization
13:37:42.138 [FXGL Background Thread 1 ] DEBUG FXGLAssetLoaderServi - Loading from file system: jar:file:///Users/ptik/.m2/repository/com/github/almasb/fxgl/17.3/fxgl-17.3.jar!/fxglassets/languages/english.lang
13:37:42.172 [FXGL Background Thread 4 ] DEBUG FXGLAssetLoaderServi - Loading from file system: jar:file:///Users/ptik/.m2/repository/com/github/almasb/fxgl/17.3/fxgl-17.3.jar!/fxglassets/ui/fonts/Abel-Regular.ttf
13:37:42.176 [FXGL Background Thread 4 ] DEBUG FXGLAssetLoaderServi - Loading from file system: jar:file:///Users/ptik/.m2/repository/com/github/almasb/fxgl/17.3/fxgl-17.3.jar!/fxglassets/ui/fonts/TerminalLandMono-Regular.otf
13:37:42.185 [FXGL Background Thread 4 ] DEBUG FXGLAssetLoaderServi - Loading from file system: jar:file:///Users/ptik/.m2/repository/com/github/almasb/fxgl/17.3/fxgl-17.3.jar!/fxglassets/ui/fonts/Courier-Prime.ttf
13:37:42.194 [JavaFX Application Thread] DEBUG FXGLApplication      - Registering font factories with UI factory
13:37:42.231 [FXGL Background Thread 1 ] INFO  FXGLApplication      - FXGL initialization took: 1.798 sec
13:37:42.233 [JavaFX Application Thread] DEBUG FXGLAssetLoaderServi - Loading from file system: jar:file:///Users/ptik/.m2/repository/com/github/almasb/fxgl/17.3/fxgl-17.3.jar!/fxglassets/textures/fxgl_icon.png
13:37:42.289 [JavaFX Application Thread] DEBUG FXGLAssetLoaderServi - Loading from file system: jar:file:///Users/ptik/.m2/repository/com/github/almasb/fxgl/17.3/fxgl-17.3.jar!/fxglassets/textures/fxgl_default_cursor.png
13:37:42.308 [JavaFX Application Thread] DEBUG Input                - Registered new binding: Screenshot - CTRL+8
13:37:42.309 [JavaFX Application Thread] DEBUG Input                - Registered new binding: System info dump - CTRL+9
13:37:42.310 [JavaFX Application Thread] DEBUG Input                - Registered new binding: Restart - CTRL+R
13:37:42.311 [JavaFX Application Thread] DEBUG Input                - Registered new binding: Toggle Debug Camera - CTRL+7
13:37:42.315 [JavaFX Application Thread] DEBUG LoopRunner           - Starting loop
13:37:42.315 [JavaFX Application Thread] DEBUG LoopRunner           - Initializing JavaFX AnimationTimerLoop
13:37:42.317 [JavaFX Application Thread] DEBUG GameApplicationServi - Starting new game
13:37:42.318 [JavaFX Application Thread] DEBUG Input                - Clearing active input actions
13:37:42.336 [JavaFX Application Thread] DEBUG GameApplicationServi - Removing overlay from FXGLStartupScene and adding to FXGLLoadingScene
13:37:42.338 [JavaFX Application Thread] DEBUG PrimaryStageWindow   - FXGLStartupScene -> FXGLLoadingScene
13:37:42.338 [JavaFX Application Thread] DEBUG GameApplicationServi - Clearing previous game
13:37:42.338 [JavaFX Application Thread] DEBUG GameScene            - Clearing game scene
13:37:42.339 [JavaFX Application Thread] DEBUG GameWorld            - Clearing game world
13:37:42.339 [JavaFX Application Thread] DEBUG PhysicsWorld         - Clearing physics world
13:37:42.350 [FXGL Background Thread 1 ] DEBUG FXGLApplication      - Initializing game
13:37:42.630 [JavaFX Application Thread] DEBUG LoopRunner           - Stopping loop
13:37:42.632 [JavaFX Application Thread] FATAL FXGLApplication      - Uncaught Exception:
java.lang.RuntimeException: Initialization failed
	at com.almasb.fxgl.all@17.3/com.almasb.fxgl.app.FXGLApplication$InitAppTask.failed(FXGLApplication.kt:343)
	at javafx.graphics@20/javafx.concurrent.Task.setState(Task.java:710)
	at javafx.graphics@20/javafx.concurrent.Task$TaskCallable.lambda$call$2(Task.java:1456)
	at javafx.graphics@20/com.sun.javafx.application.PlatformImpl.lambda$runLater$10(PlatformImpl.java:456)
	at java.base/java.security.AccessController.doPrivileged(AccessController.java:399)
	at javafx.graphics@20/com.sun.javafx.application.PlatformImpl.lambda$runLater$11(PlatformImpl.java:455)
	at javafx.graphics@20/com.sun.glass.ui.InvokeLaterDispatcher$Future.run(InvokeLaterDispatcher.java:95)
Caused by: java.lang.IllegalArgumentException: Invalid URL: Invalid URL or resource not found
	at javafx.graphics@20/javafx.scene.image.Image.validateUrl(Image.java:1138)
	at javafx.graphics@20/javafx.scene.image.Image.<init>(Image.java:628)
	at FlappyBirdRL.Java/xyz.nopalfi.BaseGame.initGame(BaseGame.java:23)
	at com.almasb.fxgl.all@17.3/com.almasb.fxgl.app.FXGLApplication$InitAppTask.initGame(FXGLApplication.kt:339)
	at com.almasb.fxgl.all@17.3/com.almasb.fxgl.app.FXGLApplication$InitAppTask.call(FXGLApplication.kt:319)
	at com.almasb.fxgl.all@17.3/com.almasb.fxgl.app.FXGLApplication$InitAppTask.call(FXGLApplication.kt:311)
	at javafx.graphics@20/javafx.concurrent.Task$TaskCallable.call(Task.java:1426)
	at java.base/java.util.concurrent.FutureTask.run(FutureTask.java:264)
	at java.base/java.util.concurrent.Executors$RunnableAdapter.call(Executors.java:539)
	at java.base/java.util.concurrent.FutureTask.run(FutureTask.java:264)
	at java.base/java.util.concurrent.ThreadPoolExecutor.runWorker(ThreadPoolExecutor.java:1136)
	at java.base/java.util.concurrent.ThreadPoolExecutor$Worker.run(ThreadPoolExecutor.java:635)
	at java.base/java.lang.Thread.run(Thread.java:833)
Caused by: java.lang.IllegalArgumentException: Invalid URL or resource not found
	at javafx.graphics@20/javafx.scene.image.Image.validateUrl(Image.java:1123)
	... 12 more

13:37:42.632 [JavaFX Application Thread] FATAL FXGLApplication      - Application will now exit
13:37:42.675 [JavaFX Application Thread] DEBUG PrimaryStageWindow   - Push state: ErrorSubScene
13:37:42.676 [JavaFX Application Thread] DEBUG Input                - Clearing active input actions
13:37:42.719 [JavaFX Application Thread] DEBUG GameApplicationServi - Removing overlay from FXGLLoadingScene and adding to ErrorSubScene
13:37:42.720 [JavaFX Application Thread] DEBUG PrimaryStageWindow   - FXGLLoadingScene -> ErrorSubScene
13:37:45.113 [FXGL Background Thread 3 ] DEBUG Engine               - Logging environment variables
13:37:45.114 [FXGL Background Thread 3 ] DEBUG Engine               - achievements: []
13:37:45.114 [FXGL Background Thread 3 ] DEBUG Engine               - actualHeight: 612.0
13:37:45.114 [FXGL Background Thread 3 ] DEBUG Engine               - actualHeightProperty: ReadOnlyDoubleProperty [value: 612.0]
13:37:45.114 [FXGL Background Thread 3 ] DEBUG Engine               - actualWidth: 388.0
13:37:45.114 [FXGL Background Thread 3 ] DEBUG Engine               - actualWidthProperty: ReadOnlyDoubleProperty [value: 388.0]
13:37:45.114 [FXGL Background Thread 3 ] DEBUG Engine               - appIcon: fxgl_icon.png
13:37:45.114 [FXGL Background Thread 3 ] DEBUG Engine               - applicationMode: DEVELOPER
13:37:45.114 [FXGL Background Thread 3 ] DEBUG Engine               - cSSList: [fxgl_dark.css]
13:37:45.115 [FXGL Background Thread 3 ] DEBUG Engine               - collisionDetectionStrategy: BRUTE_FORCE
13:37:45.115 [FXGL Background Thread 3 ] DEBUG Engine               - configClass: Optional.empty
13:37:45.115 [FXGL Background Thread 3 ] DEBUG Engine               - credits: []
13:37:45.115 [FXGL Background Thread 3 ] DEBUG Engine               - defaultCursor: CursorInfo(imageName=fxgl_default_cursor.png, hotspotX=7.0, hotspotY=6.0)
13:37:45.116 [FXGL Background Thread 3 ] DEBUG Engine               - devBBoxColorProperty: ObjectProperty [value: 0xff0000ff]
13:37:45.116 [FXGL Background Thread 3 ] DEBUG Engine               - devEnableDebugCameraProperty: BooleanProperty [value: false]
13:37:45.116 [FXGL Background Thread 3 ] DEBUG Engine               - devSensorColorProperty: ObjectProperty [value: 0xffff00ff]
13:37:45.116 [FXGL Background Thread 3 ] DEBUG Engine               - devShowBBoxProperty: BooleanProperty [value: false]
13:37:45.116 [FXGL Background Thread 3 ] DEBUG Engine               - devShowPositionProperty: BooleanProperty [value: false]
13:37:45.116 [FXGL Background Thread 3 ] DEBUG Engine               - enabledMenuItems: []
13:37:45.116 [FXGL Background Thread 3 ] DEBUG Engine               - engineServices: [class com.almasb.fxgl.app.services.FXGLAssetLoaderService, class com.almasb.fxgl.app.FXGLApplication$GameApplicationService, class com.almasb.fxgl.app.services.FXGLDialogService, class com.almasb.fxgl.app.services.IOTaskExecutorService, class com.almasb.fxgl.io.FileSystemService, class com.almasb.fxgl.localization.LocalizationService, class com.almasb.fxgl.app.services.SystemBundleService, class com.almasb.fxgl.profile.SaveLoadService, class com.almasb.fxgl.ui.FXGLUIFactoryServiceProvider, class com.almasb.fxgl.ui.FXGLDialogFactoryServiceProvider, class com.almasb.fxgl.audio.AudioPlayer, class com.almasb.fxgl.notification.impl.NotificationServiceProvider, class com.almasb.fxgl.achievement.AchievementService, class com.almasb.fxgl.cutscene.CutsceneService, class com.almasb.fxgl.minigames.MiniGameService, class com.almasb.fxgl.net.NetService, class com.almasb.fxgl.app.services.UpdaterService, class com.almasb.fxgl.dev.DevService]
13:37:45.116 [FXGL Background Thread 3 ] DEBUG Engine               - fontGame: Abel-Regular.ttf
13:37:45.116 [FXGL Background Thread 3 ] DEBUG Engine               - fontMono: TerminalLandMono-Regular.otf
13:37:45.117 [FXGL Background Thread 3 ] DEBUG Engine               - fontSizeScaleUI: 1.0
13:37:45.117 [FXGL Background Thread 3 ] DEBUG Engine               - fontText: Courier-Prime.ttf
13:37:45.117 [FXGL Background Thread 3 ] DEBUG Engine               - fontUI: VarelaRound-Regular.ttf
13:37:45.117 [FXGL Background Thread 3 ] DEBUG Engine               - fullScreen: BooleanProperty [value: false]
13:37:45.117 [FXGL Background Thread 3 ] DEBUG Engine               - gameDifficulty: MEDIUM
13:37:45.117 [FXGL Background Thread 3 ] DEBUG Engine               - gameDifficultyProperty: ObjectProperty [value: MEDIUM]
13:37:45.117 [FXGL Background Thread 3 ] DEBUG Engine               - globalMusicVolume: 0.5
13:37:45.117 [FXGL Background Thread 3 ] DEBUG Engine               - globalMusicVolumeProperty: DoubleProperty [value: 0.5]
13:37:45.117 [FXGL Background Thread 3 ] DEBUG Engine               - globalSoundVolume: 0.5
13:37:45.118 [FXGL Background Thread 3 ] DEBUG Engine               - globalSoundVolumeProperty: DoubleProperty [value: 0.5]
13:37:45.118 [FXGL Background Thread 3 ] DEBUG Engine               - height: 612
13:37:45.118 [FXGL Background Thread 3 ] DEBUG Engine               - is3D: false
13:37:45.118 [FXGL Background Thread 3 ] DEBUG Engine               - isAndroid: false
13:37:45.118 [FXGL Background Thread 3 ] DEBUG Engine               - isBrowser: false
13:37:45.118 [FXGL Background Thread 3 ] DEBUG Engine               - isClickFeedbackEnabled: false
13:37:45.118 [FXGL Background Thread 3 ] DEBUG Engine               - isCloseConfirmation: false
13:37:45.118 [FXGL Background Thread 3 ] DEBUG Engine               - isDesktop: true
13:37:45.118 [FXGL Background Thread 3 ] DEBUG Engine               - isDeveloperMenuEnabled: false
13:37:45.119 [FXGL Background Thread 3 ] DEBUG Engine               - isEmbedded: false
13:37:45.119 [FXGL Background Thread 3 ] DEBUG Engine               - isEntityPreloadEnabled: true
13:37:45.119 [FXGL Background Thread 3 ] DEBUG Engine               - isExperimentalTiledLargeMap: false
13:37:45.119 [FXGL Background Thread 3 ] DEBUG Engine               - isFileSystemWriteAllowed: true
13:37:45.119 [FXGL Background Thread 3 ] DEBUG Engine               - isFullScreenAllowed: false
13:37:45.119 [FXGL Background Thread 3 ] DEBUG Engine               - isFullScreenFromStart: false
13:37:45.120 [FXGL Background Thread 3 ] DEBUG Engine               - isGameMenuEnabled: true
13:37:45.120 [FXGL Background Thread 3 ] DEBUG Engine               - isIOS: false
13:37:45.120 [FXGL Background Thread 3 ] DEBUG Engine               - isIntroEnabled: false
13:37:45.120 [FXGL Background Thread 3 ] DEBUG Engine               - isLinux: false
13:37:45.120 [FXGL Background Thread 3 ] DEBUG Engine               - isMac: true
13:37:45.120 [FXGL Background Thread 3 ] DEBUG Engine               - isMainMenuEnabled: false
13:37:45.121 [FXGL Background Thread 3 ] DEBUG Engine               - isManualResizeEnabled: false
13:37:45.121 [FXGL Background Thread 3 ] DEBUG Engine               - isMobile: false
13:37:45.122 [FXGL Background Thread 3 ] DEBUG Engine               - isNative: false
13:37:45.122 [FXGL Background Thread 3 ] DEBUG Engine               - isPauseMusicWhenMinimized: true
13:37:45.122 [FXGL Background Thread 3 ] DEBUG Engine               - isPreserveResizeRatio: false
13:37:45.122 [FXGL Background Thread 3 ] DEBUG Engine               - isProfilingEnabled: false
13:37:45.122 [FXGL Background Thread 3 ] DEBUG Engine               - isScaleAffectedOnResize: true
13:37:45.122 [FXGL Background Thread 3 ] DEBUG Engine               - isSingleStep: false
13:37:45.122 [FXGL Background Thread 3 ] DEBUG Engine               - isUserProfileEnabled: false
13:37:45.122 [FXGL Background Thread 3 ] DEBUG Engine               - isWindows: false
13:37:45.123 [FXGL Background Thread 3 ] DEBUG Engine               - language: ObjectProperty [value: ENGLISH]
13:37:45.123 [FXGL Background Thread 3 ] DEBUG Engine               - menuKey: ESCAPE
13:37:45.123 [FXGL Background Thread 3 ] DEBUG Engine               - mouseSensitivity: 0.2
13:37:45.123 [FXGL Background Thread 3 ] DEBUG Engine               - notificationViewClass: class com.almasb.fxgl.notification.view.XboxNotificationView
13:37:45.123 [FXGL Background Thread 3 ] DEBUG Engine               - pixelsPerMeter: 50.0
13:37:45.123 [FXGL Background Thread 3 ] DEBUG Engine               - platform: MAC
13:37:45.123 [FXGL Background Thread 3 ] DEBUG Engine               - prefHeightProperty: ReadOnlyDoubleProperty [value: 612.0]
13:37:45.123 [FXGL Background Thread 3 ] DEBUG Engine               - prefWidthProperty: ReadOnlyDoubleProperty [value: 388.0]
13:37:45.123 [FXGL Background Thread 3 ] DEBUG Engine               - profileDir: profiles/
13:37:45.123 [FXGL Background Thread 3 ] DEBUG Engine               - profileName: StringProperty [value: DEFAULT]
13:37:45.124 [FXGL Background Thread 3 ] DEBUG Engine               - randomSeed: -1
13:37:45.124 [FXGL Background Thread 3 ] DEBUG Engine               - runtimeInfo: RuntimeInfo(platform=MAC, version=17.3, build=30.03.2023 11.49)
13:37:45.124 [FXGL Background Thread 3 ] DEBUG Engine               - saveFileExt: sav
13:37:45.125 [FXGL Background Thread 3 ] DEBUG Engine               - scaledHeightProp$fxgl: DoubleProperty [bound, value: 612.0]
13:37:45.125 [FXGL Background Thread 3 ] DEBUG Engine               - scaledWidthProp$fxgl: DoubleProperty [bound, value: 388.0]
13:37:45.125 [FXGL Background Thread 3 ] DEBUG Engine               - sceneFactory: com.almasb.fxgl.app.scene.SceneFactory@70558e23
13:37:45.125 [FXGL Background Thread 3 ] DEBUG Engine               - secondsIn24h: 60
13:37:45.125 [FXGL Background Thread 3 ] DEBUG Engine               - soundMenuBack: menu/back.wav
13:37:45.125 [FXGL Background Thread 3 ] DEBUG Engine               - soundMenuPress: menu/press.wav
13:37:45.125 [FXGL Background Thread 3 ] DEBUG Engine               - soundMenuSelect: menu/select.wav
13:37:45.125 [FXGL Background Thread 3 ] DEBUG Engine               - soundNotification: core/notification.wav
13:37:45.125 [FXGL Background Thread 3 ] DEBUG Engine               - stageStyle: DECORATED
13:37:45.125 [FXGL Background Thread 3 ] DEBUG Engine               - supportedLanguages: [ENGLISH, FRENCH, GERMAN, HUNGARIAN, RUSSIAN]
13:37:45.125 [FXGL Background Thread 3 ] DEBUG Engine               - ticksPerSecond: -1
13:37:45.126 [FXGL Background Thread 3 ] DEBUG Engine               - title: FlappyBirdRL-Java
13:37:45.126 [FXGL Background Thread 3 ] DEBUG Engine               - urlGithub: https://github.com/AlmasB/FXGL
13:37:45.126 [FXGL Background Thread 3 ] DEBUG Engine               - urlLeaderboard: http://fxgl-top.herokuapp.com/
13:37:45.126 [FXGL Background Thread 3 ] DEBUG Engine               - urlPOM: https://raw.githubusercontent.com/AlmasB/FXGL/release/README.md
13:37:45.126 [FXGL Background Thread 3 ] DEBUG Engine               - userAppClass: class xyz.nopalfi.BaseGame
13:37:45.126 [FXGL Background Thread 3 ] DEBUG Engine               - version: 1.0
13:37:45.126 [FXGL Background Thread 3 ] DEBUG Engine               - versionCheckDays: 7
13:37:45.126 [FXGL Background Thread 3 ] DEBUG Engine               - width: 388
13:37:45.126 [FXGL Background Thread 3 ] DEBUG Engine               - Logging services
13:37:45.127 [FXGL Background Thread 3 ] DEBUG Engine               - class com.almasb.fxgl.app.services.FXGLAssetLoaderService
13:37:45.127 [FXGL Background Thread 3 ] DEBUG Engine               - class com.almasb.fxgl.app.FXGLApplication$GameApplicationService
13:37:45.127 [FXGL Background Thread 3 ] DEBUG Engine               - class com.almasb.fxgl.app.services.FXGLDialogService
13:37:45.127 [FXGL Background Thread 3 ] DEBUG Engine               - class com.almasb.fxgl.app.services.IOTaskExecutorService
13:37:45.127 [FXGL Background Thread 3 ] DEBUG Engine               - class com.almasb.fxgl.io.FileSystemService
13:37:45.127 [FXGL Background Thread 3 ] DEBUG Engine               - class com.almasb.fxgl.localization.LocalizationService
13:37:45.127 [FXGL Background Thread 3 ] DEBUG Engine               - class com.almasb.fxgl.app.services.SystemBundleService
13:37:45.128 [FXGL Background Thread 3 ] DEBUG Engine               - class com.almasb.fxgl.profile.SaveLoadService
13:37:45.128 [FXGL Background Thread 3 ] DEBUG Engine               - class com.almasb.fxgl.ui.FXGLUIFactoryServiceProvider
13:37:45.128 [FXGL Background Thread 3 ] DEBUG Engine               - class com.almasb.fxgl.ui.FXGLDialogFactoryServiceProvider
13:37:45.128 [FXGL Background Thread 3 ] DEBUG Engine               - class com.almasb.fxgl.audio.AudioPlayer
13:37:45.128 [FXGL Background Thread 3 ] DEBUG Engine               - class com.almasb.fxgl.notification.impl.NotificationServiceProvider
13:37:45.128 [FXGL Background Thread 3 ] DEBUG Engine               - class com.almasb.fxgl.achievement.AchievementService
13:37:45.129 [FXGL Background Thread 3 ] DEBUG Engine               - class com.almasb.fxgl.cutscene.CutsceneService
13:37:45.129 [FXGL Background Thread 3 ] DEBUG Engine               - class com.almasb.fxgl.minigames.MiniGameService
13:37:45.129 [FXGL Background Thread 3 ] DEBUG Engine               - class com.almasb.fxgl.net.NetService
13:37:45.129 [FXGL Background Thread 3 ] DEBUG Engine               - class com.almasb.fxgl.app.services.UpdaterService
13:37:45.129 [FXGL Background Thread 3 ] DEBUG Engine               - class com.almasb.fxgl.dev.DevService
13:37:53.562 [JavaFX Application Thread] DEBUG FXGLApplication      - Exiting FXGL
13:37:53.563 [JavaFX Application Thread] DEBUG Async                - Shutting down background threads
13:37:53.563 [JavaFX Application Thread] DEBUG PrimaryStageWindow   - Closing main window
13:37:53.594 [JavaFX Application Thread] DEBUG Logger               - Closing Logger
