11:33:35.481 [main                     ] DEBUG Logger               - Configured Logger
11:33:35.603 [main                     ] DEBUG GameApplication      - Logging settings
Title: Untitled
Version: 0.0
Width: 800
Height: 600
Fullscreen: false
Intro: false
Profiling: false
Single step:false
App Mode: DEVELOPER
Menu Key: ESCAPE
Stage Style: DECORATED
Scene Factory: class com.almasb.fxgl.app.scene.SceneFactory

11:33:39.610 [JavaFX Application Thread] DEBUG FXGLApplication      - Initializing FXGL
11:33:39.636 [JavaFX Application Thread] INFO  Engine               - FXGL-17.3 (30.03.2023 11.49) on MAC (J:18.0.2.1 FX:20)
11:33:39.637 [JavaFX Application Thread] DEBUG Engine               - JRE Vendor Name: Azul Systems, Inc.
11:33:39.639 [JavaFX Application Thread] DEBUG Engine               - Running on OS: Mac OS X version 12.6.3
11:33:39.640 [JavaFX Application Thread] DEBUG Engine               - Architecture: x86_64
11:33:39.640 [JavaFX Application Thread] INFO  Engine               - Source code and latest versions at: https://github.com/AlmasB/FXGL
11:33:39.641 [JavaFX Application Thread] INFO  Engine               -       Ask questions and discuss at: https://github.com/AlmasB/FXGL/discussions
11:33:39.641 [JavaFX Application Thread] INFO  Engine               -              Join the FXGL chat at: https://gitter.im/AlmasB/FXGL
11:33:40.349 [JavaFX Application Thread] DEBUG PrimaryStageWindow   - Creating a JavaFX scene
11:33:40.901 [JavaFX Application Thread] DEBUG PrimaryStageWindow   - Target settings size: 800.0 x 600.0
11:33:40.902 [JavaFX Application Thread] DEBUG PrimaryStageWindow   - Scaled scene size:    800.0 x 600.0
11:33:40.902 [JavaFX Application Thread] DEBUG PrimaryStageWindow   - Scaled ratio: (1.0, 1.0)
11:33:40.905 [JavaFX Application Thread] DEBUG PrimaryStageWindow   - Set initial scene to FXGLStartupScene
11:33:40.927 [JavaFX Application Thread] DEBUG PrimaryStageWindow   - Opening main window
11:33:41.082 [JavaFX Application Thread] DEBUG PrimaryStageWindow   - Window border size: (0.0, 28.0)
11:33:41.083 [JavaFX Application Thread] DEBUG PrimaryStageWindow   - Scaled size: 800.0 x 600.0
11:33:41.083 [JavaFX Application Thread] DEBUG PrimaryStageWindow   - Scaled ratio: (1.0, 1.0)
11:33:41.084 [JavaFX Application Thread] DEBUG PrimaryStageWindow   - Scene size: 800.0 x 600.0
11:33:41.084 [JavaFX Application Thread] DEBUG PrimaryStageWindow   - Stage size: 800.0 x 628.0
11:33:41.108 [FXGL Background Thread 1 ] DEBUG Engine               - Initializing environment variables
11:33:41.397 [FXGL Background Thread 1 ] DEBUG FXGLAssetLoaderServi - User app class for loading assets: class xyz.nopalfi.BaseGame
11:33:41.398 [FXGL Background Thread 1 ] DEBUG GameApplicationServi - Applying CSS: fxgl_dark.css
11:33:41.400 [FXGL Background Thread 1 ] DEBUG FXGLAssetLoaderServi - Loading from file system: jar:file:/Users/ptik/.m2/repository/com/github/almasb/fxgl/17.3/fxgl-17.3.jar!/fxglassets/ui/css/fxgl_dark.css
11:33:41.556 [FXGL Background Thread 1 ] DEBUG GameApplicationServi - Initializing application scenes
11:33:42.253 [FXGL Background Thread 1 ] DEBUG GameWorld            - Game world initialized
11:33:42.349 [FXGL Background Thread 1 ] DEBUG PhysicsWorld         - Physics world initialized: appHeight=600, physics.ppm=50.0
11:33:42.350 [FXGL Background Thread 1 ] DEBUG PhysicsWorld         - Using strategy: BRUTE_FORCE
11:33:42.373 [FXGL Background Thread 1 ] DEBUG GameScene            - Game scene initialized: 800x600
11:33:42.407 [FXGL Background Thread 1 ] DEBUG FXGL.DefaultMenu     - createMenuBodyGameMenu()
11:33:42.449 [FXGL Background Thread 1 ] DEBUG FXGL.DefaultMenu     - createOptionsMenu()
11:33:42.500 [FXGL Background Thread 1 ] DEBUG FXGLAssetLoaderServi - Loading from file system: jar:file:/Users/ptik/.m2/repository/com/github/almasb/fxgl/17.3/fxgl-17.3.jar!/fxglassets/textures/particles/smoke.png
11:33:42.917 [FXGL Background Thread 1 ] DEBUG FXGLAssetLoaderServi - Loading from file system: jar:file:/Users/ptik/.m2/repository/com/github/almasb/fxgl/17.3/fxgl-17.3.jar!/fxglassets/textures/particles/trace_horizontal.png
11:33:43.083 [FXGL Background Thread 1 ] DEBUG GameApplicationServi - Application scenes initialized
11:33:43.182 [FXGL Background Thread 1 ] DEBUG SystemBundleService  - Loading default FXGL system data
11:33:43.183 [FXGL Background Thread 1 ] DEBUG UpdaterService       - Checking for updates
11:33:43.206 [FXGL Background Thread 4 ] DEBUG FXGLApplication      - Loading fonts
11:33:43.207 [FXGL Background Thread 4 ] DEBUG FXGLAssetLoaderServi - Loading from file system: jar:file:/Users/ptik/.m2/repository/com/github/almasb/fxgl/17.3/fxgl-17.3.jar!/fxglassets/ui/fonts/VarelaRound-Regular.ttf
11:33:43.221 [FXGL Background Thread 1 ] DEBUG FXGLApplication      - Loading default localization
11:33:43.224 [FXGL Background Thread 1 ] DEBUG FXGLAssetLoaderServi - Loading from file system: jar:file:/Users/ptik/.m2/repository/com/github/almasb/fxgl/17.3/fxgl-17.3.jar!/fxglassets/languages/english.lang
11:33:43.397 [FXGL Background Thread 4 ] DEBUG FXGLAssetLoaderServi - Loading from file system: jar:file:/Users/ptik/.m2/repository/com/github/almasb/fxgl/17.3/fxgl-17.3.jar!/fxglassets/ui/fonts/Abel-Regular.ttf
11:33:43.406 [FXGL Background Thread 4 ] DEBUG FXGLAssetLoaderServi - Loading from file system: jar:file:/Users/ptik/.m2/repository/com/github/almasb/fxgl/17.3/fxgl-17.3.jar!/fxglassets/ui/fonts/TerminalLandMono-Regular.otf
11:33:43.413 [FXGL Background Thread 4 ] DEBUG FXGLAssetLoaderServi - Loading from file system: jar:file:/Users/ptik/.m2/repository/com/github/almasb/fxgl/17.3/fxgl-17.3.jar!/fxglassets/ui/fonts/Courier-Prime.ttf
11:33:43.426 [JavaFX Application Thread] DEBUG FXGLApplication      - Registering font factories with UI factory
11:33:43.505 [FXGL Background Thread 1 ] INFO  FXGLApplication      - FXGL initialization took: 2.397 sec
11:33:43.513 [JavaFX Application Thread] DEBUG FXGLAssetLoaderServi - Loading from file system: jar:file:/Users/ptik/.m2/repository/com/github/almasb/fxgl/17.3/fxgl-17.3.jar!/fxglassets/textures/fxgl_icon.png
11:33:43.569 [JavaFX Application Thread] DEBUG FXGLAssetLoaderServi - Loading from file system: jar:file:/Users/ptik/.m2/repository/com/github/almasb/fxgl/17.3/fxgl-17.3.jar!/fxglassets/textures/fxgl_default_cursor.png
11:33:43.774 [JavaFX Application Thread] DEBUG Input                - Registered new binding: Screenshot - CTRL+8
11:33:43.775 [JavaFX Application Thread] DEBUG Input                - Registered new binding: System info dump - CTRL+9
11:33:43.775 [JavaFX Application Thread] DEBUG Input                - Registered new binding: Restart - CTRL+R
11:33:43.776 [JavaFX Application Thread] DEBUG Input                - Registered new binding: Toggle Debug Camera - CTRL+7
11:33:43.801 [JavaFX Application Thread] DEBUG LoopRunner           - Starting loop
11:33:43.801 [JavaFX Application Thread] DEBUG LoopRunner           - Initializing JavaFX AnimationTimerLoop
11:33:43.803 [JavaFX Application Thread] DEBUG GameApplicationServi - Starting new game
11:33:43.804 [JavaFX Application Thread] DEBUG Input                - Clearing active input actions
11:33:43.826 [JavaFX Application Thread] DEBUG GameApplicationServi - Removing overlay from FXGLStartupScene and adding to FXGLLoadingScene
11:33:43.827 [JavaFX Application Thread] DEBUG PrimaryStageWindow   - FXGLStartupScene -> FXGLLoadingScene
11:33:43.827 [JavaFX Application Thread] DEBUG GameApplicationServi - Clearing previous game
11:33:43.827 [JavaFX Application Thread] DEBUG GameScene            - Clearing game scene
11:33:43.827 [JavaFX Application Thread] DEBUG GameWorld            - Clearing game world
11:33:43.827 [JavaFX Application Thread] DEBUG PhysicsWorld         - Clearing physics world
11:33:43.831 [FXGL Background Thread 1 ] DEBUG FXGLApplication      - Initializing game
11:33:43.834 [FXGL Background Thread 1 ] INFO  FXGLApplication      - Game initialization took: 0.002 sec
11:33:44.303 [JavaFX Application Thread] DEBUG Input                - Clearing active input actions
11:33:44.361 [JavaFX Application Thread] DEBUG GameApplicationServi - Removing overlay from FXGLLoadingScene and adding to GameScene
11:33:44.367 [JavaFX Application Thread] DEBUG PrimaryStageWindow   - FXGLLoadingScene -> GameScene
11:33:46.190 [FXGL Background Thread 3 ] DEBUG Engine               - Logging environment variables
11:33:46.191 [FXGL Background Thread 3 ] DEBUG Engine               - achievements: []
11:33:46.192 [FXGL Background Thread 3 ] DEBUG Engine               - actualHeight: 600.0
11:33:46.192 [FXGL Background Thread 3 ] DEBUG Engine               - actualHeightProperty: ReadOnlyDoubleProperty [value: 600.0]
11:33:46.192 [FXGL Background Thread 3 ] DEBUG Engine               - actualWidth: 800.0
11:33:46.192 [FXGL Background Thread 3 ] DEBUG Engine               - actualWidthProperty: ReadOnlyDoubleProperty [value: 800.0]
11:33:46.193 [FXGL Background Thread 3 ] DEBUG Engine               - appIcon: fxgl_icon.png
11:33:46.193 [FXGL Background Thread 3 ] DEBUG Engine               - applicationMode: DEVELOPER
11:33:46.193 [FXGL Background Thread 3 ] DEBUG Engine               - cSSList: [fxgl_dark.css]
11:33:46.193 [FXGL Background Thread 3 ] DEBUG Engine               - collisionDetectionStrategy: BRUTE_FORCE
11:33:46.193 [FXGL Background Thread 3 ] DEBUG Engine               - configClass: Optional.empty
11:33:46.193 [FXGL Background Thread 3 ] DEBUG Engine               - credits: []
11:33:46.194 [FXGL Background Thread 3 ] DEBUG Engine               - defaultCursor: CursorInfo(imageName=fxgl_default_cursor.png, hotspotX=7.0, hotspotY=6.0)
11:33:46.195 [FXGL Background Thread 3 ] DEBUG Engine               - devBBoxColorProperty: ObjectProperty [value: 0xff0000ff]
11:33:46.195 [FXGL Background Thread 3 ] DEBUG Engine               - devEnableDebugCameraProperty: BooleanProperty [value: false]
11:33:46.195 [FXGL Background Thread 3 ] DEBUG Engine               - devSensorColorProperty: ObjectProperty [value: 0xffff00ff]
11:33:46.195 [FXGL Background Thread 3 ] DEBUG Engine               - devShowBBoxProperty: BooleanProperty [value: false]
11:33:46.195 [FXGL Background Thread 3 ] DEBUG Engine               - devShowPositionProperty: BooleanProperty [value: false]
11:33:46.196 [FXGL Background Thread 3 ] DEBUG Engine               - enabledMenuItems: []
11:33:46.196 [FXGL Background Thread 3 ] DEBUG Engine               - engineServices: [class com.almasb.fxgl.app.services.FXGLAssetLoaderService, class com.almasb.fxgl.app.FXGLApplication$GameApplicationService, class com.almasb.fxgl.app.services.FXGLDialogService, class com.almasb.fxgl.app.services.IOTaskExecutorService, class com.almasb.fxgl.io.FileSystemService, class com.almasb.fxgl.localization.LocalizationService, class com.almasb.fxgl.app.services.SystemBundleService, class com.almasb.fxgl.profile.SaveLoadService, class com.almasb.fxgl.ui.FXGLUIFactoryServiceProvider, class com.almasb.fxgl.ui.FXGLDialogFactoryServiceProvider, class com.almasb.fxgl.audio.AudioPlayer, class com.almasb.fxgl.notification.impl.NotificationServiceProvider, class com.almasb.fxgl.achievement.AchievementService, class com.almasb.fxgl.cutscene.CutsceneService, class com.almasb.fxgl.minigames.MiniGameService, class com.almasb.fxgl.net.NetService, class com.almasb.fxgl.app.services.UpdaterService, class com.almasb.fxgl.dev.DevService]
11:33:46.196 [FXGL Background Thread 3 ] DEBUG Engine               - fontGame: Abel-Regular.ttf
11:33:46.196 [FXGL Background Thread 3 ] DEBUG Engine               - fontMono: TerminalLandMono-Regular.otf
11:33:46.197 [FXGL Background Thread 3 ] DEBUG Engine               - fontSizeScaleUI: 1.0
11:33:46.197 [FXGL Background Thread 3 ] DEBUG Engine               - fontText: Courier-Prime.ttf
11:33:46.197 [FXGL Background Thread 3 ] DEBUG Engine               - fontUI: VarelaRound-Regular.ttf
11:33:46.197 [FXGL Background Thread 3 ] DEBUG Engine               - fullScreen: BooleanProperty [value: false]
11:33:46.198 [FXGL Background Thread 3 ] DEBUG Engine               - gameDifficulty: MEDIUM
11:33:46.198 [FXGL Background Thread 3 ] DEBUG Engine               - gameDifficultyProperty: ObjectProperty [value: MEDIUM]
11:33:46.198 [FXGL Background Thread 3 ] DEBUG Engine               - globalMusicVolume: 0.5
11:33:46.199 [FXGL Background Thread 3 ] DEBUG Engine               - globalMusicVolumeProperty: DoubleProperty [value: 0.5]
11:33:46.199 [FXGL Background Thread 3 ] DEBUG Engine               - globalSoundVolume: 0.5
11:33:46.199 [FXGL Background Thread 3 ] DEBUG Engine               - globalSoundVolumeProperty: DoubleProperty [value: 0.5]
11:33:46.200 [FXGL Background Thread 3 ] DEBUG Engine               - height: 600
11:33:46.200 [FXGL Background Thread 3 ] DEBUG Engine               - is3D: false
11:33:46.201 [FXGL Background Thread 3 ] DEBUG Engine               - isAndroid: false
11:33:46.201 [FXGL Background Thread 3 ] DEBUG Engine               - isBrowser: false
11:33:46.201 [FXGL Background Thread 3 ] DEBUG Engine               - isClickFeedbackEnabled: false
11:33:46.201 [FXGL Background Thread 3 ] DEBUG Engine               - isCloseConfirmation: false
11:33:46.201 [FXGL Background Thread 3 ] DEBUG Engine               - isDesktop: true
11:33:46.201 [FXGL Background Thread 3 ] DEBUG Engine               - isDeveloperMenuEnabled: false
11:33:46.202 [FXGL Background Thread 3 ] DEBUG Engine               - isEmbedded: false
11:33:46.202 [FXGL Background Thread 3 ] DEBUG Engine               - isEntityPreloadEnabled: true
11:33:46.202 [FXGL Background Thread 3 ] DEBUG Engine               - isExperimentalTiledLargeMap: false
11:33:46.202 [FXGL Background Thread 3 ] DEBUG Engine               - isFileSystemWriteAllowed: true
11:33:46.202 [FXGL Background Thread 3 ] DEBUG Engine               - isFullScreenAllowed: false
11:33:46.202 [FXGL Background Thread 3 ] DEBUG Engine               - isFullScreenFromStart: false
11:33:46.203 [FXGL Background Thread 3 ] DEBUG Engine               - isGameMenuEnabled: true
11:33:46.203 [FXGL Background Thread 3 ] DEBUG Engine               - isIOS: false
11:33:46.203 [FXGL Background Thread 3 ] DEBUG Engine               - isIntroEnabled: false
11:33:46.203 [FXGL Background Thread 3 ] DEBUG Engine               - isLinux: false
11:33:46.204 [FXGL Background Thread 3 ] DEBUG Engine               - isMac: true
11:33:46.204 [FXGL Background Thread 3 ] DEBUG Engine               - isMainMenuEnabled: false
11:33:46.204 [FXGL Background Thread 3 ] DEBUG Engine               - isManualResizeEnabled: false
11:33:46.204 [FXGL Background Thread 3 ] DEBUG Engine               - isMobile: false
11:33:46.204 [FXGL Background Thread 3 ] DEBUG Engine               - isNative: false
11:33:46.205 [FXGL Background Thread 3 ] DEBUG Engine               - isPauseMusicWhenMinimized: true
11:33:46.205 [FXGL Background Thread 3 ] DEBUG Engine               - isPreserveResizeRatio: false
11:33:46.205 [FXGL Background Thread 3 ] DEBUG Engine               - isProfilingEnabled: false
11:33:46.205 [FXGL Background Thread 3 ] DEBUG Engine               - isScaleAffectedOnResize: true
11:33:46.206 [FXGL Background Thread 3 ] DEBUG Engine               - isSingleStep: false
11:33:46.206 [FXGL Background Thread 3 ] DEBUG Engine               - isUserProfileEnabled: false
11:33:46.206 [FXGL Background Thread 3 ] DEBUG Engine               - isWindows: false
11:33:46.206 [FXGL Background Thread 3 ] DEBUG Engine               - language: ObjectProperty [value: ENGLISH]
11:33:46.206 [FXGL Background Thread 3 ] DEBUG Engine               - menuKey: ESCAPE
11:33:46.207 [FXGL Background Thread 3 ] DEBUG Engine               - mouseSensitivity: 0.2
11:33:46.207 [FXGL Background Thread 3 ] DEBUG Engine               - notificationViewClass: class com.almasb.fxgl.notification.view.XboxNotificationView
11:33:46.207 [FXGL Background Thread 3 ] DEBUG Engine               - pixelsPerMeter: 50.0
11:33:46.207 [FXGL Background Thread 3 ] DEBUG Engine               - platform: MAC
11:33:46.207 [FXGL Background Thread 3 ] DEBUG Engine               - prefHeightProperty: ReadOnlyDoubleProperty [value: 600.0]
11:33:46.208 [FXGL Background Thread 3 ] DEBUG Engine               - prefWidthProperty: ReadOnlyDoubleProperty [value: 800.0]
11:33:46.208 [FXGL Background Thread 3 ] DEBUG Engine               - profileDir: profiles/
11:33:46.208 [FXGL Background Thread 3 ] DEBUG Engine               - profileName: StringProperty [value: DEFAULT]
11:33:46.208 [FXGL Background Thread 3 ] DEBUG Engine               - randomSeed: -1
11:33:46.210 [FXGL Background Thread 3 ] DEBUG Engine               - runtimeInfo: RuntimeInfo(platform=MAC, version=17.3, build=30.03.2023 11.49)
11:33:46.210 [FXGL Background Thread 3 ] DEBUG Engine               - saveFileExt: sav
11:33:46.210 [FXGL Background Thread 3 ] DEBUG Engine               - scaledHeightProp$fxgl: DoubleProperty [bound, value: 600.0]
11:33:46.211 [FXGL Background Thread 3 ] DEBUG Engine               - scaledWidthProp$fxgl: DoubleProperty [bound, value: 800.0]
11:33:46.211 [FXGL Background Thread 3 ] DEBUG Engine               - sceneFactory: com.almasb.fxgl.app.scene.SceneFactory@2dcd0b9b
11:33:46.211 [FXGL Background Thread 3 ] DEBUG Engine               - secondsIn24h: 60
11:33:46.211 [FXGL Background Thread 3 ] DEBUG Engine               - soundMenuBack: menu/back.wav
11:33:46.213 [FXGL Background Thread 3 ] DEBUG Engine               - soundMenuPress: menu/press.wav
11:33:46.214 [FXGL Background Thread 3 ] DEBUG Engine               - soundMenuSelect: menu/select.wav
11:33:46.214 [FXGL Background Thread 3 ] DEBUG Engine               - soundNotification: core/notification.wav
11:33:46.215 [FXGL Background Thread 3 ] DEBUG Engine               - stageStyle: DECORATED
11:33:46.215 [FXGL Background Thread 3 ] DEBUG Engine               - supportedLanguages: [ENGLISH, FRENCH, GERMAN, HUNGARIAN, RUSSIAN]
11:33:46.216 [FXGL Background Thread 3 ] DEBUG Engine               - ticksPerSecond: -1
11:33:46.216 [FXGL Background Thread 3 ] DEBUG Engine               - title: Untitled
11:33:46.216 [FXGL Background Thread 3 ] DEBUG Engine               - urlGithub: https://github.com/AlmasB/FXGL
11:33:46.216 [FXGL Background Thread 3 ] DEBUG Engine               - urlLeaderboard: http://fxgl-top.herokuapp.com/
11:33:46.216 [FXGL Background Thread 3 ] DEBUG Engine               - urlPOM: https://raw.githubusercontent.com/AlmasB/FXGL/release/README.md
11:33:46.216 [FXGL Background Thread 3 ] DEBUG Engine               - userAppClass: class xyz.nopalfi.BaseGame
11:33:46.216 [FXGL Background Thread 3 ] DEBUG Engine               - version: 0.0
11:33:46.217 [FXGL Background Thread 3 ] DEBUG Engine               - versionCheckDays: 7
11:33:46.217 [FXGL Background Thread 3 ] DEBUG Engine               - width: 800
11:33:46.217 [FXGL Background Thread 3 ] DEBUG Engine               - Logging services
11:33:46.217 [FXGL Background Thread 3 ] DEBUG Engine               - class com.almasb.fxgl.app.services.FXGLAssetLoaderService
11:33:46.217 [FXGL Background Thread 3 ] DEBUG Engine               - class com.almasb.fxgl.app.FXGLApplication$GameApplicationService
11:33:46.218 [FXGL Background Thread 3 ] DEBUG Engine               - class com.almasb.fxgl.app.services.FXGLDialogService
11:33:46.218 [FXGL Background Thread 3 ] DEBUG Engine               - class com.almasb.fxgl.app.services.IOTaskExecutorService
11:33:46.219 [FXGL Background Thread 3 ] DEBUG Engine               - class com.almasb.fxgl.io.FileSystemService
11:33:46.219 [FXGL Background Thread 3 ] DEBUG Engine               - class com.almasb.fxgl.localization.LocalizationService
11:33:46.219 [FXGL Background Thread 3 ] DEBUG Engine               - class com.almasb.fxgl.app.services.SystemBundleService
11:33:46.219 [FXGL Background Thread 3 ] DEBUG Engine               - class com.almasb.fxgl.profile.SaveLoadService
11:33:46.220 [FXGL Background Thread 3 ] DEBUG Engine               - class com.almasb.fxgl.ui.FXGLUIFactoryServiceProvider
11:33:46.220 [FXGL Background Thread 3 ] DEBUG Engine               - class com.almasb.fxgl.ui.FXGLDialogFactoryServiceProvider
11:33:46.220 [FXGL Background Thread 3 ] DEBUG Engine               - class com.almasb.fxgl.audio.AudioPlayer
11:33:46.220 [FXGL Background Thread 3 ] DEBUG Engine               - class com.almasb.fxgl.notification.impl.NotificationServiceProvider
11:33:46.220 [FXGL Background Thread 3 ] DEBUG Engine               - class com.almasb.fxgl.achievement.AchievementService
11:33:46.220 [FXGL Background Thread 3 ] DEBUG Engine               - class com.almasb.fxgl.cutscene.CutsceneService
11:33:46.220 [FXGL Background Thread 3 ] DEBUG Engine               - class com.almasb.fxgl.minigames.MiniGameService
11:33:46.220 [FXGL Background Thread 3 ] DEBUG Engine               - class com.almasb.fxgl.net.NetService
11:33:46.221 [FXGL Background Thread 3 ] DEBUG Engine               - class com.almasb.fxgl.app.services.UpdaterService
11:33:46.221 [FXGL Background Thread 3 ] DEBUG Engine               - class com.almasb.fxgl.dev.DevService
11:34:02.208 [JavaFX Application Thread] DEBUG FXGLApplication      - Exiting FXGL
11:34:02.208 [JavaFX Application Thread] DEBUG LoopRunner           - Stopping loop
11:34:02.208 [JavaFX Application Thread] DEBUG SystemBundleService  - Saving FXGL system data
11:34:02.210 [JavaFX Application Thread] DEBUG FileSystemAccess     - Writing to: /Users/ptik/IdeaProjects/FlappyBirdRL-Java/system/fxgl.bundle
11:34:02.226 [JavaFX Application Thread] DEBUG Async                - Shutting down background threads
11:34:02.226 [JavaFX Application Thread] DEBUG PrimaryStageWindow   - Closing main window
11:34:02.235 [JavaFX Application Thread] DEBUG Logger               - Closing Logger
